27-09-2018 09:34:51 [main] {50} INFO  b.c.p.NocaCorporationApplication - Starting NocaCorporationApplication on DESKTOP-H1527R1 with PID 4260 (C:\RODRIGO\PROGRAMACAO\WORKSPACE_GIT\NocaCorporation\NocaCorporation\target\classes started by pimen in C:\RODRIGO\PROGRAMACAO\WORKSPACE_GIT\NocaCorporation\NocaCorporation)
27-09-2018 09:34:51 [main] {662} INFO  b.c.p.NocaCorporationApplication - No active profile set, falling back to default profiles: default
27-09-2018 09:35:05 [main] {59} INFO  b.c.p.NocaCorporationApplication - Started NocaCorporationApplication in 14.472 seconds (JVM running for 20.143)
27-09-2018 11:38:00 [main] {50} INFO  b.c.p.NocaCorporationApplication - Starting NocaCorporationApplication on DESKTOP-H1527R1 with PID 19992 (C:\RODRIGO\PROGRAMACAO\WORKSPACE_GIT\NocaCorporation\NocaCorporation\target\classes started by pimen in C:\RODRIGO\PROGRAMACAO\WORKSPACE_GIT\NocaCorporation\NocaCorporation)
27-09-2018 11:38:00 [main] {662} INFO  b.c.p.NocaCorporationApplication - No active profile set, falling back to default profiles: default
27-09-2018 11:38:10 [main] {59} INFO  b.c.p.NocaCorporationApplication - Started NocaCorporationApplication in 10.944 seconds (JVM running for 14.112)
27-09-2018 11:39:00 [main] {50} INFO  b.c.p.NocaCorporationApplication - Starting NocaCorporationApplication on DESKTOP-H1527R1 with PID 10768 (C:\RODRIGO\PROGRAMACAO\WORKSPACE_GIT\NocaCorporation\NocaCorporation\target\classes started by pimen in C:\RODRIGO\PROGRAMACAO\WORKSPACE_GIT\NocaCorporation\NocaCorporation)
27-09-2018 11:39:00 [main] {662} INFO  b.c.p.NocaCorporationApplication - No active profile set, falling back to default profiles: default
27-09-2018 11:39:11 [main] {59} INFO  b.c.p.NocaCorporationApplication - Started NocaCorporationApplication in 11.249 seconds (JVM running for 12.991)
27-09-2018 11:39:57 [main] {50} INFO  b.c.p.NocaCorporationApplication - Starting NocaCorporationApplication on DESKTOP-H1527R1 with PID 14432 (C:\RODRIGO\PROGRAMACAO\WORKSPACE_GIT\NocaCorporation\NocaCorporation\target\classes started by pimen in C:\RODRIGO\PROGRAMACAO\WORKSPACE_GIT\NocaCorporation\NocaCorporation)
27-09-2018 11:39:57 [main] {662} INFO  b.c.p.NocaCorporationApplication - No active profile set, falling back to default profiles: default
27-09-2018 11:40:05 [main] {59} INFO  b.c.p.NocaCorporationApplication - Started NocaCorporationApplication in 9.044 seconds (JVM running for 11.994)
27-09-2018 11:41:48 [main] {50} INFO  b.c.p.NocaCorporationApplication - Starting NocaCorporationApplication on DESKTOP-H1527R1 with PID 9856 (C:\RODRIGO\PROGRAMACAO\WORKSPACE_GIT\NocaCorporation\NocaCorporation\target\classes started by pimen in C:\RODRIGO\PROGRAMACAO\WORKSPACE_GIT\NocaCorporation\NocaCorporation)
27-09-2018 11:41:48 [main] {662} INFO  b.c.p.NocaCorporationApplication - No active profile set, falling back to default profiles: default
27-09-2018 11:42:01 [main] {59} INFO  b.c.p.NocaCorporationApplication - Started NocaCorporationApplication in 13.631 seconds (JVM running for 15.484)
27-09-2018 11:43:06 [main] {50} INFO  b.c.p.NocaCorporationApplication - Starting NocaCorporationApplication on DESKTOP-H1527R1 with PID 1164 (C:\RODRIGO\PROGRAMACAO\WORKSPACE_GIT\NocaCorporation\NocaCorporation\target\classes started by pimen in C:\RODRIGO\PROGRAMACAO\WORKSPACE_GIT\NocaCorporation\NocaCorporation)
27-09-2018 11:43:06 [main] {662} INFO  b.c.p.NocaCorporationApplication - No active profile set, falling back to default profiles: default
27-09-2018 11:43:16 [main] {59} INFO  b.c.p.NocaCorporationApplication - Started NocaCorporationApplication in 10.36 seconds (JVM running for 12.409)
27-09-2018 15:46:15 [main] {50} INFO  b.c.p.NocaCorporationApplication - Starting NocaCorporationApplication on DESKTOP-H1527R1 with PID 3384 (C:\RODRIGO\PROGRAMACAO\NocaCorporation\target\classes started by pimen in C:\RODRIGO\PROGRAMACAO\NocaCorporation)
27-09-2018 15:46:15 [main] {662} INFO  b.c.p.NocaCorporationApplication - No active profile set, falling back to default profiles: default
27-09-2018 15:46:26 [main] {59} INFO  b.c.p.NocaCorporationApplication - Started NocaCorporationApplication in 11.787 seconds (JVM running for 14.075)
27-09-2018 16:21:27 [main] {50} INFO  b.c.p.NocaCorporationApplication - Starting NocaCorporationApplication on DESKTOP-H1527R1 with PID 16032 (C:\RODRIGO\PROGRAMACAO\WORKSPACES\WORKSPACE_STS\NocaCorporation\NocaCorporation\target\classes started by pimen in C:\RODRIGO\PROGRAMACAO\WORKSPACES\WORKSPACE_STS\NocaCorporation\NocaCorporation)
27-09-2018 16:21:27 [main] {662} INFO  b.c.p.NocaCorporationApplication - No active profile set, falling back to default profiles: default
27-09-2018 16:21:36 [main] {59} INFO  b.c.p.NocaCorporationApplication - Started NocaCorporationApplication in 10.685 seconds (JVM running for 12.844)
27-09-2018 22:23:21 [main] {50} INFO  b.c.p.NocaCorporationApplication - Starting NocaCorporationApplication on DESKTOP-H1527R1 with PID 21580 (C:\RODRIGO\PROGRAMACAO\WORKSPACES\WORKSPACE_STS\NocaCorporation\NocaCorporation\target\classes started by pimen in C:\RODRIGO\PROGRAMACAO\WORKSPACES\WORKSPACE_STS\NocaCorporation\NocaCorporation)
27-09-2018 22:23:21 [main] {662} INFO  b.c.p.NocaCorporationApplication - No active profile set, falling back to default profiles: default
27-09-2018 22:23:30 [main] {59} INFO  b.c.p.NocaCorporationApplication - Started NocaCorporationApplication in 9.533 seconds (JVM running for 10.887)
27-09-2018 22:25:59 [main] {50} INFO  b.c.p.NocaCorporationApplication - Starting NocaCorporationApplication on DESKTOP-H1527R1 with PID 21056 (C:\RODRIGO\PROGRAMACAO\WORKSPACES\WORKSPACE_STS\NocaCorporation\NocaCorporation\target\classes started by pimen in C:\RODRIGO\PROGRAMACAO\WORKSPACES\WORKSPACE_STS\NocaCorporation\NocaCorporation)
27-09-2018 22:25:59 [main] {662} INFO  b.c.p.NocaCorporationApplication - No active profile set, falling back to default profiles: default
27-09-2018 22:26:08 [main] {59} INFO  b.c.p.NocaCorporationApplication - Started NocaCorporationApplication in 9.892 seconds (JVM running for 11.58)
27-09-2018 22:28:18 [main] {50} INFO  b.c.p.NocaCorporationApplication - Starting NocaCorporationApplication on DESKTOP-H1527R1 with PID 21004 (C:\RODRIGO\PROGRAMACAO\WORKSPACES\WORKSPACE_STS\NocaCorporation\NocaCorporation\target\classes started by pimen in C:\RODRIGO\PROGRAMACAO\WORKSPACES\WORKSPACE_STS\NocaCorporation\NocaCorporation)
27-09-2018 22:28:18 [main] {662} INFO  b.c.p.NocaCorporationApplication - No active profile set, falling back to default profiles: default
27-09-2018 22:28:26 [main] {59} INFO  b.c.p.NocaCorporationApplication - Started NocaCorporationApplication in 8.239 seconds (JVM running for 9.634)
27-09-2018 22:35:38 [main] {50} INFO  b.c.p.NocaCorporationApplication - Starting NocaCorporationApplication on DESKTOP-H1527R1 with PID 20836 (C:\RODRIGO\PROGRAMACAO\WORKSPACES\WORKSPACE_STS\NocaCorporation\NocaCorporation\target\classes started by pimen in C:\RODRIGO\PROGRAMACAO\WORKSPACES\WORKSPACE_STS\NocaCorporation\NocaCorporation)
27-09-2018 22:35:38 [main] {662} INFO  b.c.p.NocaCorporationApplication - No active profile set, falling back to default profiles: default
27-09-2018 22:35:46 [main] {59} INFO  b.c.p.NocaCorporationApplication - Started NocaCorporationApplication in 8.501 seconds (JVM running for 10.272)
27-09-2018 22:38:37 [main] {50} INFO  b.c.p.NocaCorporationApplication - Starting NocaCorporationApplication on DESKTOP-H1527R1 with PID 19876 (C:\RODRIGO\PROGRAMACAO\WORKSPACES\WORKSPACE_STS\NocaCorporation\NocaCorporation\target\classes started by pimen in C:\RODRIGO\PROGRAMACAO\WORKSPACES\WORKSPACE_STS\NocaCorporation\NocaCorporation)
27-09-2018 22:38:37 [main] {662} INFO  b.c.p.NocaCorporationApplication - No active profile set, falling back to default profiles: default
27-09-2018 22:38:46 [main] {59} INFO  b.c.p.NocaCorporationApplication - Started NocaCorporationApplication in 8.697 seconds (JVM running for 10.47)
27-09-2018 22:49:15 [main] {50} INFO  b.c.p.NocaCorporationApplication - Starting NocaCorporationApplication on DESKTOP-H1527R1 with PID 17416 (C:\RODRIGO\PROGRAMACAO\WORKSPACES\WORKSPACE_STS\NocaCorporation\NocaCorporation\target\classes started by pimen in C:\RODRIGO\PROGRAMACAO\WORKSPACES\WORKSPACE_STS\NocaCorporation\NocaCorporation)
27-09-2018 22:49:15 [main] {662} INFO  b.c.p.NocaCorporationApplication - No active profile set, falling back to default profiles: default
27-09-2018 22:49:23 [main] {59} INFO  b.c.p.NocaCorporationApplication - Started NocaCorporationApplication in 8.647 seconds (JVM running for 10.423)
27-09-2018 22:50:13 [main] {50} INFO  b.c.p.NocaCorporationApplication - Starting NocaCorporationApplication on DESKTOP-H1527R1 with PID 18040 (C:\RODRIGO\PROGRAMACAO\WORKSPACES\WORKSPACE_STS\NocaCorporation\NocaCorporation\target\classes started by pimen in C:\RODRIGO\PROGRAMACAO\WORKSPACES\WORKSPACE_STS\NocaCorporation\NocaCorporation)
27-09-2018 22:50:13 [main] {662} INFO  b.c.p.NocaCorporationApplication - No active profile set, falling back to default profiles: default
27-09-2018 22:50:21 [main] {59} INFO  b.c.p.NocaCorporationApplication - Started NocaCorporationApplication in 8.328 seconds (JVM running for 9.88)
27-09-2018 23:02:33 [main] {50} INFO  b.c.p.NocaCorporationApplication - Starting NocaCorporationApplication on DESKTOP-H1527R1 with PID 6596 (C:\RODRIGO\PROGRAMACAO\WORKSPACES\WORKSPACE_STS\NocaCorporation\NocaCorporation\target\classes started by pimen in C:\RODRIGO\PROGRAMACAO\WORKSPACES\WORKSPACE_STS\NocaCorporation\NocaCorporation)
27-09-2018 23:02:33 [main] {662} INFO  b.c.p.NocaCorporationApplication - No active profile set, falling back to default profiles: default
27-09-2018 23:02:41 [main] {59} INFO  b.c.p.NocaCorporationApplication - Started NocaCorporationApplication in 7.982 seconds (JVM running for 9.682)
27-09-2018 23:17:15 [main] {50} INFO  b.c.p.NocaCorporationApplication - Starting NocaCorporationApplication on DESKTOP-H1527R1 with PID 21732 (C:\RODRIGO\PROGRAMACAO\WORKSPACES\WORKSPACE_STS\NocaCorporation\NocaCorporation\target\classes started by pimen in C:\RODRIGO\PROGRAMACAO\WORKSPACES\WORKSPACE_STS\NocaCorporation\NocaCorporation)
27-09-2018 23:17:15 [main] {662} INFO  b.c.p.NocaCorporationApplication - No active profile set, falling back to default profiles: default
27-09-2018 23:17:23 [main] {59} INFO  b.c.p.NocaCorporationApplication - Started NocaCorporationApplication in 8.373 seconds (JVM running for 9.757)
