31-10-2018 11:06:00 [restartedMain] {50} INFO  b.c.p.NocaCorporationApplication - Starting NocaCorporationApplication on DESKTOP-H1527R1 with PID 7852 (C:\RODRIGO\PROGRAMACAO\WORKSPACES\WORKSPACE_STS\NocaCorporation\NocaCorporation\target\classes started by pimen in C:\RODRIGO\PROGRAMACAO\WORKSPACES\WORKSPACE_STS\NocaCorporation\NocaCorporation)
31-10-2018 11:06:00 [restartedMain] {680} INFO  b.c.p.NocaCorporationApplication - No active profile set, falling back to default profiles: default
31-10-2018 11:06:15 [restartedMain] {59} INFO  b.c.p.NocaCorporationApplication - Started NocaCorporationApplication in 15.061 seconds (JVM running for 23.002)
31-10-2018 11:11:31 [restartedMain] {50} INFO  b.c.p.NocaCorporationApplication - Starting NocaCorporationApplication on DESKTOP-H1527R1 with PID 7852 (C:\RODRIGO\PROGRAMACAO\WORKSPACES\WORKSPACE_STS\NocaCorporation\NocaCorporation\target\classes started by pimen in C:\RODRIGO\PROGRAMACAO\WORKSPACES\WORKSPACE_STS\NocaCorporation\NocaCorporation)
31-10-2018 11:11:31 [restartedMain] {680} INFO  b.c.p.NocaCorporationApplication - No active profile set, falling back to default profiles: default
31-10-2018 11:11:37 [restartedMain] {59} INFO  b.c.p.NocaCorporationApplication - Started NocaCorporationApplication in 5.764 seconds (JVM running for 344.987)
31-10-2018 11:12:39 [restartedMain] {50} INFO  b.c.p.NocaCorporationApplication - Starting NocaCorporationApplication on DESKTOP-H1527R1 with PID 7852 (C:\RODRIGO\PROGRAMACAO\WORKSPACES\WORKSPACE_STS\NocaCorporation\NocaCorporation\target\classes started by pimen in C:\RODRIGO\PROGRAMACAO\WORKSPACES\WORKSPACE_STS\NocaCorporation\NocaCorporation)
31-10-2018 11:12:39 [restartedMain] {680} INFO  b.c.p.NocaCorporationApplication - No active profile set, falling back to default profiles: default
31-10-2018 11:13:14 [restartedMain] {50} INFO  b.c.p.NocaCorporationApplication - Starting NocaCorporationApplication on DESKTOP-H1527R1 with PID 18868 (C:\RODRIGO\PROGRAMACAO\WORKSPACES\WORKSPACE_STS\NocaCorporation\NocaCorporation\target\classes started by pimen in C:\RODRIGO\PROGRAMACAO\WORKSPACES\WORKSPACE_STS\NocaCorporation\NocaCorporation)
31-10-2018 11:13:14 [restartedMain] {680} INFO  b.c.p.NocaCorporationApplication - No active profile set, falling back to default profiles: default
31-10-2018 11:13:24 [restartedMain] {59} INFO  b.c.p.NocaCorporationApplication - Started NocaCorporationApplication in 9.977 seconds (JVM running for 11.943)
31-10-2018 11:15:11 [restartedMain] {50} INFO  b.c.p.NocaCorporationApplication - Starting NocaCorporationApplication on DESKTOP-H1527R1 with PID 18868 (C:\RODRIGO\PROGRAMACAO\WORKSPACES\WORKSPACE_STS\NocaCorporation\NocaCorporation\target\classes started by pimen in C:\RODRIGO\PROGRAMACAO\WORKSPACES\WORKSPACE_STS\NocaCorporation\NocaCorporation)
31-10-2018 11:15:11 [restartedMain] {680} INFO  b.c.p.NocaCorporationApplication - No active profile set, falling back to default profiles: default
31-10-2018 11:15:43 [restartedMain] {50} INFO  b.c.p.NocaCorporationApplication - Starting NocaCorporationApplication on DESKTOP-H1527R1 with PID 18868 (C:\RODRIGO\PROGRAMACAO\WORKSPACES\WORKSPACE_STS\NocaCorporation\NocaCorporation\target\classes started by pimen in C:\RODRIGO\PROGRAMACAO\WORKSPACES\WORKSPACE_STS\NocaCorporation\NocaCorporation)
31-10-2018 11:15:43 [restartedMain] {680} INFO  b.c.p.NocaCorporationApplication - No active profile set, falling back to default profiles: default
31-10-2018 11:15:47 [restartedMain] {59} INFO  b.c.p.NocaCorporationApplication - Started NocaCorporationApplication in 4.3 seconds (JVM running for 155.069)
31-10-2018 11:16:20 [restartedMain] {50} INFO  b.c.p.NocaCorporationApplication - Starting NocaCorporationApplication on DESKTOP-H1527R1 with PID 18868 (C:\RODRIGO\PROGRAMACAO\WORKSPACES\WORKSPACE_STS\NocaCorporation\NocaCorporation\target\classes started by pimen in C:\RODRIGO\PROGRAMACAO\WORKSPACES\WORKSPACE_STS\NocaCorporation\NocaCorporation)
31-10-2018 11:16:20 [restartedMain] {680} INFO  b.c.p.NocaCorporationApplication - No active profile set, falling back to default profiles: default
31-10-2018 11:16:24 [restartedMain] {59} INFO  b.c.p.NocaCorporationApplication - Started NocaCorporationApplication in 4.09 seconds (JVM running for 192.074)
31-10-2018 11:16:45 [restartedMain] {50} INFO  b.c.p.NocaCorporationApplication - Starting NocaCorporationApplication on DESKTOP-H1527R1 with PID 18868 (C:\RODRIGO\PROGRAMACAO\WORKSPACES\WORKSPACE_STS\NocaCorporation\NocaCorporation\target\classes started by pimen in C:\RODRIGO\PROGRAMACAO\WORKSPACES\WORKSPACE_STS\NocaCorporation\NocaCorporation)
31-10-2018 11:16:45 [restartedMain] {680} INFO  b.c.p.NocaCorporationApplication - No active profile set, falling back to default profiles: default
31-10-2018 11:16:49 [restartedMain] {59} INFO  b.c.p.NocaCorporationApplication - Started NocaCorporationApplication in 4.254 seconds (JVM running for 217.201)
31-10-2018 11:17:38 [restartedMain] {50} INFO  b.c.p.NocaCorporationApplication - Starting NocaCorporationApplication on DESKTOP-H1527R1 with PID 18868 (C:\RODRIGO\PROGRAMACAO\WORKSPACES\WORKSPACE_STS\NocaCorporation\NocaCorporation\target\classes started by pimen in C:\RODRIGO\PROGRAMACAO\WORKSPACES\WORKSPACE_STS\NocaCorporation\NocaCorporation)
31-10-2018 11:17:38 [restartedMain] {680} INFO  b.c.p.NocaCorporationApplication - No active profile set, falling back to default profiles: default
31-10-2018 11:17:42 [restartedMain] {59} INFO  b.c.p.NocaCorporationApplication - Started NocaCorporationApplication in 3.9 seconds (JVM running for 270.405)
31-10-2018 11:18:05 [restartedMain] {50} INFO  b.c.p.NocaCorporationApplication - Starting NocaCorporationApplication on DESKTOP-H1527R1 with PID 18868 (C:\RODRIGO\PROGRAMACAO\WORKSPACES\WORKSPACE_STS\NocaCorporation\NocaCorporation\target\classes started by pimen in C:\RODRIGO\PROGRAMACAO\WORKSPACES\WORKSPACE_STS\NocaCorporation\NocaCorporation)
31-10-2018 11:18:05 [restartedMain] {680} INFO  b.c.p.NocaCorporationApplication - No active profile set, falling back to default profiles: default
31-10-2018 11:18:08 [restartedMain] {59} INFO  b.c.p.NocaCorporationApplication - Started NocaCorporationApplication in 3.956 seconds (JVM running for 296.609)
31-10-2018 11:19:17 [restartedMain] {50} INFO  b.c.p.NocaCorporationApplication - Starting NocaCorporationApplication on DESKTOP-H1527R1 with PID 18868 (C:\RODRIGO\PROGRAMACAO\WORKSPACES\WORKSPACE_STS\NocaCorporation\NocaCorporation\target\classes started by pimen in C:\RODRIGO\PROGRAMACAO\WORKSPACES\WORKSPACE_STS\NocaCorporation\NocaCorporation)
31-10-2018 11:19:17 [restartedMain] {680} INFO  b.c.p.NocaCorporationApplication - No active profile set, falling back to default profiles: default
31-10-2018 11:19:22 [restartedMain] {59} INFO  b.c.p.NocaCorporationApplication - Started NocaCorporationApplication in 4.834 seconds (JVM running for 370.106)
31-10-2018 11:20:04 [restartedMain] {50} INFO  b.c.p.NocaCorporationApplication - Starting NocaCorporationApplication on DESKTOP-H1527R1 with PID 18868 (C:\RODRIGO\PROGRAMACAO\WORKSPACES\WORKSPACE_STS\NocaCorporation\NocaCorporation\target\classes started by pimen in C:\RODRIGO\PROGRAMACAO\WORKSPACES\WORKSPACE_STS\NocaCorporation\NocaCorporation)
31-10-2018 11:20:04 [restartedMain] {680} INFO  b.c.p.NocaCorporationApplication - No active profile set, falling back to default profiles: default
31-10-2018 11:20:08 [restartedMain] {59} INFO  b.c.p.NocaCorporationApplication - Started NocaCorporationApplication in 3.912 seconds (JVM running for 416.048)
31-10-2018 11:21:04 [restartedMain] {50} INFO  b.c.p.NocaCorporationApplication - Starting NocaCorporationApplication on DESKTOP-H1527R1 with PID 18868 (C:\RODRIGO\PROGRAMACAO\WORKSPACES\WORKSPACE_STS\NocaCorporation\NocaCorporation\target\classes started by pimen in C:\RODRIGO\PROGRAMACAO\WORKSPACES\WORKSPACE_STS\NocaCorporation\NocaCorporation)
31-10-2018 11:21:04 [restartedMain] {680} INFO  b.c.p.NocaCorporationApplication - No active profile set, falling back to default profiles: default
31-10-2018 11:21:08 [restartedMain] {59} INFO  b.c.p.NocaCorporationApplication - Started NocaCorporationApplication in 4.671 seconds (JVM running for 476.645)
31-10-2018 11:21:46 [restartedMain] {50} INFO  b.c.p.NocaCorporationApplication - Starting NocaCorporationApplication on DESKTOP-H1527R1 with PID 18868 (C:\RODRIGO\PROGRAMACAO\WORKSPACES\WORKSPACE_STS\NocaCorporation\NocaCorporation\target\classes started by pimen in C:\RODRIGO\PROGRAMACAO\WORKSPACES\WORKSPACE_STS\NocaCorporation\NocaCorporation)
31-10-2018 11:21:46 [restartedMain] {680} INFO  b.c.p.NocaCorporationApplication - No active profile set, falling back to default profiles: default
31-10-2018 11:21:50 [restartedMain] {59} INFO  b.c.p.NocaCorporationApplication - Started NocaCorporationApplication in 3.743 seconds (JVM running for 517.775)
31-10-2018 11:22:39 [restartedMain] {50} INFO  b.c.p.NocaCorporationApplication - Starting NocaCorporationApplication on DESKTOP-H1527R1 with PID 18868 (C:\RODRIGO\PROGRAMACAO\WORKSPACES\WORKSPACE_STS\NocaCorporation\NocaCorporation\target\classes started by pimen in C:\RODRIGO\PROGRAMACAO\WORKSPACES\WORKSPACE_STS\NocaCorporation\NocaCorporation)
31-10-2018 11:22:39 [restartedMain] {680} INFO  b.c.p.NocaCorporationApplication - No active profile set, falling back to default profiles: default
31-10-2018 11:22:42 [restartedMain] {59} INFO  b.c.p.NocaCorporationApplication - Started NocaCorporationApplication in 4.014 seconds (JVM running for 570.673)
02-11-2018 17:26:50 [restartedMain] {50} INFO  b.c.p.NocaCorporationApplication - Starting NocaCorporationApplication on DESKTOP-H1527R1 with PID 22472 (C:\RODRIGO\PROGRAMACAO\WORKSPACES\WORKSPACE_STS\NocaCorporation\NocaCorporation\target\classes started by pimen in C:\RODRIGO\PROGRAMACAO\WORKSPACES\WORKSPACE_STS\NocaCorporation\NocaCorporation)
02-11-2018 17:26:50 [restartedMain] {680} INFO  b.c.p.NocaCorporationApplication - No active profile set, falling back to default profiles: default
02-11-2018 17:27:01 [restartedMain] {59} INFO  b.c.p.NocaCorporationApplication - Started NocaCorporationApplication in 11.06 seconds (JVM running for 15.484)
04-11-2018 22:54:32 [restartedMain] {50} INFO  b.c.p.NocaCorporationApplication - Starting NocaCorporationApplication on DESKTOP-H1527R1 with PID 14780 (C:\RODRIGO\PROGRAMACAO\WORKSPACES\WORKSPACE_STS\NocaCorporation\NocaCorporation\target\classes started by pimen in C:\RODRIGO\PROGRAMACAO\WORKSPACES\WORKSPACE_STS\NocaCorporation\NocaCorporation)
04-11-2018 22:54:32 [restartedMain] {680} INFO  b.c.p.NocaCorporationApplication - No active profile set, falling back to default profiles: default
04-11-2018 22:54:42 [restartedMain] {59} INFO  b.c.p.NocaCorporationApplication - Started NocaCorporationApplication in 9.865 seconds (JVM running for 12.954)
04-11-2018 22:57:51 [restartedMain] {50} INFO  b.c.p.NocaCorporationApplication - Starting NocaCorporationApplication on DESKTOP-H1527R1 with PID 14780 (C:\RODRIGO\PROGRAMACAO\WORKSPACES\WORKSPACE_STS\NocaCorporation\NocaCorporation\target\classes started by pimen in C:\RODRIGO\PROGRAMACAO\WORKSPACES\WORKSPACE_STS\NocaCorporation\NocaCorporation)
04-11-2018 22:57:51 [restartedMain] {680} INFO  b.c.p.NocaCorporationApplication - No active profile set, falling back to default profiles: default
04-11-2018 22:57:56 [restartedMain] {59} INFO  b.c.p.NocaCorporationApplication - Started NocaCorporationApplication in 4.655 seconds (JVM running for 207.133)
04-11-2018 22:58:19 [restartedMain] {50} INFO  b.c.p.NocaCorporationApplication - Starting NocaCorporationApplication on DESKTOP-H1527R1 with PID 14780 (C:\RODRIGO\PROGRAMACAO\WORKSPACES\WORKSPACE_STS\NocaCorporation\NocaCorporation\target\classes started by pimen in C:\RODRIGO\PROGRAMACAO\WORKSPACES\WORKSPACE_STS\NocaCorporation\NocaCorporation)
04-11-2018 22:58:19 [restartedMain] {680} INFO  b.c.p.NocaCorporationApplication - No active profile set, falling back to default profiles: default
04-11-2018 22:58:23 [restartedMain] {59} INFO  b.c.p.NocaCorporationApplication - Started NocaCorporationApplication in 3.66 seconds (JVM running for 234.228)
04-11-2018 22:58:44 [restartedMain] {50} INFO  b.c.p.NocaCorporationApplication - Starting NocaCorporationApplication on DESKTOP-H1527R1 with PID 14780 (C:\RODRIGO\PROGRAMACAO\WORKSPACES\WORKSPACE_STS\NocaCorporation\NocaCorporation\target\classes started by pimen in C:\RODRIGO\PROGRAMACAO\WORKSPACES\WORKSPACE_STS\NocaCorporation\NocaCorporation)
04-11-2018 22:58:44 [restartedMain] {680} INFO  b.c.p.NocaCorporationApplication - No active profile set, falling back to default profiles: default
04-11-2018 22:58:47 [restartedMain] {59} INFO  b.c.p.NocaCorporationApplication - Started NocaCorporationApplication in 3.345 seconds (JVM running for 258.743)
04-11-2018 22:59:24 [restartedMain] {50} INFO  b.c.p.NocaCorporationApplication - Starting NocaCorporationApplication on DESKTOP-H1527R1 with PID 14780 (C:\RODRIGO\PROGRAMACAO\WORKSPACES\WORKSPACE_STS\NocaCorporation\NocaCorporation\target\classes started by pimen in C:\RODRIGO\PROGRAMACAO\WORKSPACES\WORKSPACE_STS\NocaCorporation\NocaCorporation)
04-11-2018 22:59:24 [restartedMain] {680} INFO  b.c.p.NocaCorporationApplication - No active profile set, falling back to default profiles: default
04-11-2018 22:59:27 [restartedMain] {59} INFO  b.c.p.NocaCorporationApplication - Started NocaCorporationApplication in 3.225 seconds (JVM running for 298.297)
04-11-2018 23:00:44 [restartedMain] {50} INFO  b.c.p.NocaCorporationApplication - Starting NocaCorporationApplication on DESKTOP-H1527R1 with PID 14780 (C:\RODRIGO\PROGRAMACAO\WORKSPACES\WORKSPACE_STS\NocaCorporation\NocaCorporation\target\classes started by pimen in C:\RODRIGO\PROGRAMACAO\WORKSPACES\WORKSPACE_STS\NocaCorporation\NocaCorporation)
04-11-2018 23:00:44 [restartedMain] {680} INFO  b.c.p.NocaCorporationApplication - No active profile set, falling back to default profiles: default
04-11-2018 23:00:47 [restartedMain] {59} INFO  b.c.p.NocaCorporationApplication - Started NocaCorporationApplication in 3.328 seconds (JVM running for 378.673)
04-11-2018 23:01:15 [restartedMain] {50} INFO  b.c.p.NocaCorporationApplication - Starting NocaCorporationApplication on DESKTOP-H1527R1 with PID 14780 (C:\RODRIGO\PROGRAMACAO\WORKSPACES\WORKSPACE_STS\NocaCorporation\NocaCorporation\target\classes started by pimen in C:\RODRIGO\PROGRAMACAO\WORKSPACES\WORKSPACE_STS\NocaCorporation\NocaCorporation)
04-11-2018 23:01:15 [restartedMain] {680} INFO  b.c.p.NocaCorporationApplication - No active profile set, falling back to default profiles: default
04-11-2018 23:01:18 [restartedMain] {59} INFO  b.c.p.NocaCorporationApplication - Started NocaCorporationApplication in 3.235 seconds (JVM running for 409.633)
04-11-2018 23:01:46 [restartedMain] {50} INFO  b.c.p.NocaCorporationApplication - Starting NocaCorporationApplication on DESKTOP-H1527R1 with PID 14780 (C:\RODRIGO\PROGRAMACAO\WORKSPACES\WORKSPACE_STS\NocaCorporation\NocaCorporation\target\classes started by pimen in C:\RODRIGO\PROGRAMACAO\WORKSPACES\WORKSPACE_STS\NocaCorporation\NocaCorporation)
04-11-2018 23:01:46 [restartedMain] {680} INFO  b.c.p.NocaCorporationApplication - No active profile set, falling back to default profiles: default
04-11-2018 23:01:50 [restartedMain] {59} INFO  b.c.p.NocaCorporationApplication - Started NocaCorporationApplication in 3.973 seconds (JVM running for 441.033)
04-11-2018 23:04:31 [restartedMain] {50} INFO  b.c.p.NocaCorporationApplication - Starting NocaCorporationApplication on DESKTOP-H1527R1 with PID 14780 (C:\RODRIGO\PROGRAMACAO\WORKSPACES\WORKSPACE_STS\NocaCorporation\NocaCorporation\target\classes started by pimen in C:\RODRIGO\PROGRAMACAO\WORKSPACES\WORKSPACE_STS\NocaCorporation\NocaCorporation)
04-11-2018 23:04:31 [restartedMain] {680} INFO  b.c.p.NocaCorporationApplication - No active profile set, falling back to default profiles: default
04-11-2018 23:04:35 [restartedMain] {59} INFO  b.c.p.NocaCorporationApplication - Started NocaCorporationApplication in 4.591 seconds (JVM running for 606.584)
04-11-2018 23:04:44 [restartedMain] {50} INFO  b.c.p.NocaCorporationApplication - Starting NocaCorporationApplication on DESKTOP-H1527R1 with PID 14780 (C:\RODRIGO\PROGRAMACAO\WORKSPACES\WORKSPACE_STS\NocaCorporation\NocaCorporation\target\classes started by pimen in C:\RODRIGO\PROGRAMACAO\WORKSPACES\WORKSPACE_STS\NocaCorporation\NocaCorporation)
04-11-2018 23:04:44 [restartedMain] {680} INFO  b.c.p.NocaCorporationApplication - No active profile set, falling back to default profiles: default
04-11-2018 23:04:49 [restartedMain] {59} INFO  b.c.p.NocaCorporationApplication - Started NocaCorporationApplication in 4.299 seconds (JVM running for 619.864)
04-11-2018 23:06:56 [restartedMain] {50} INFO  b.c.p.NocaCorporationApplication - Starting NocaCorporationApplication on DESKTOP-H1527R1 with PID 14780 (C:\RODRIGO\PROGRAMACAO\WORKSPACES\WORKSPACE_STS\NocaCorporation\NocaCorporation\target\classes started by pimen in C:\RODRIGO\PROGRAMACAO\WORKSPACES\WORKSPACE_STS\NocaCorporation\NocaCorporation)
04-11-2018 23:06:56 [restartedMain] {680} INFO  b.c.p.NocaCorporationApplication - No active profile set, falling back to default profiles: default
04-11-2018 23:06:59 [restartedMain] {59} INFO  b.c.p.NocaCorporationApplication - Started NocaCorporationApplication in 3.576 seconds (JVM running for 750.795)
04-11-2018 23:06:59 [http-nio-8090-exec-1] {19} INFO  b.c.p.c.DashboardController - @@ ABRINDO DASHBOARD
04-11-2018 23:07:31 [http-nio-8090-exec-1] {19} INFO  b.c.p.c.DashboardController - @@ ABRINDO DASHBOARD
04-11-2018 23:09:16 [http-nio-8090-exec-9] {19} INFO  b.c.p.c.DashboardController - @@ ABRINDO DASHBOARD
04-11-2018 23:10:27 [restartedMain] {50} INFO  b.c.p.NocaCorporationApplication - Starting NocaCorporationApplication on DESKTOP-H1527R1 with PID 14780 (C:\RODRIGO\PROGRAMACAO\WORKSPACES\WORKSPACE_STS\NocaCorporation\NocaCorporation\target\classes started by pimen in C:\RODRIGO\PROGRAMACAO\WORKSPACES\WORKSPACE_STS\NocaCorporation\NocaCorporation)
04-11-2018 23:10:27 [restartedMain] {680} INFO  b.c.p.NocaCorporationApplication - No active profile set, falling back to default profiles: default
04-11-2018 23:10:32 [restartedMain] {59} INFO  b.c.p.NocaCorporationApplication - Started NocaCorporationApplication in 4.548 seconds (JVM running for 962.959)
04-11-2018 23:10:32 [http-nio-8090-exec-10] {19} INFO  b.c.p.c.DashboardController - @@ ABRINDO DASHBOARD
04-11-2018 23:10:36 [restartedMain] {50} INFO  b.c.p.NocaCorporationApplication - Starting NocaCorporationApplication on DESKTOP-H1527R1 with PID 14780 (C:\RODRIGO\PROGRAMACAO\WORKSPACES\WORKSPACE_STS\NocaCorporation\NocaCorporation\target\classes started by pimen in C:\RODRIGO\PROGRAMACAO\WORKSPACES\WORKSPACE_STS\NocaCorporation\NocaCorporation)
04-11-2018 23:10:36 [restartedMain] {680} INFO  b.c.p.NocaCorporationApplication - No active profile set, falling back to default profiles: default
04-11-2018 23:10:39 [restartedMain] {59} INFO  b.c.p.NocaCorporationApplication - Started NocaCorporationApplication in 3.221 seconds (JVM running for 970.071)
04-11-2018 23:10:39 [http-nio-8090-exec-2] {18} INFO  b.c.p.c.DashboardController - @@ ABRINDO DASHBOARD
04-11-2018 23:11:07 [restartedMain] {50} INFO  b.c.p.NocaCorporationApplication - Starting NocaCorporationApplication on DESKTOP-H1527R1 with PID 14780 (C:\RODRIGO\PROGRAMACAO\WORKSPACES\WORKSPACE_STS\NocaCorporation\NocaCorporation\target\classes started by pimen in C:\RODRIGO\PROGRAMACAO\WORKSPACES\WORKSPACE_STS\NocaCorporation\NocaCorporation)
04-11-2018 23:11:07 [restartedMain] {680} INFO  b.c.p.NocaCorporationApplication - No active profile set, falling back to default profiles: default
04-11-2018 23:11:11 [restartedMain] {59} INFO  b.c.p.NocaCorporationApplication - Started NocaCorporationApplication in 3.928 seconds (JVM running for 1002.258)
04-11-2018 23:11:11 [http-nio-8090-exec-9] {18} INFO  b.c.p.c.DashboardController - @@ ABRINDO DASHBOARD
04-11-2018 23:21:04 [restartedMain] {50} INFO  b.c.p.NocaCorporationApplication - Starting NocaCorporationApplication on DESKTOP-H1527R1 with PID 14780 (C:\RODRIGO\PROGRAMACAO\WORKSPACES\WORKSPACE_STS\NocaCorporation\NocaCorporation\target\classes started by pimen in C:\RODRIGO\PROGRAMACAO\WORKSPACES\WORKSPACE_STS\NocaCorporation\NocaCorporation)
04-11-2018 23:21:04 [restartedMain] {680} INFO  b.c.p.NocaCorporationApplication - No active profile set, falling back to default profiles: default
04-11-2018 23:21:08 [restartedMain] {59} INFO  b.c.p.NocaCorporationApplication - Started NocaCorporationApplication in 3.352 seconds (JVM running for 1598.907)
04-11-2018 23:21:08 [http-nio-8090-exec-1] {18} INFO  b.c.p.c.DashboardController - @@ ABRINDO DASHBOARD
04-11-2018 23:21:20 [http-nio-8090-exec-6] {18} INFO  b.c.p.c.FuncionarioController - @@ ABRINDO FUNCIONARIO
04-11-2018 23:21:48 [http-nio-8090-exec-2] {18} INFO  b.c.p.c.DashboardController - @@ ABRINDO DASHBOARD
04-11-2018 23:24:04 [http-nio-8090-exec-7] {18} INFO  b.c.p.c.DashboardController - @@ ABRINDO DASHBOARD
04-11-2018 23:24:12 [http-nio-8090-exec-9] {18} INFO  b.c.p.c.FuncionarioController - @@ ABRINDO FUNCIONARIO
04-11-2018 23:24:13 [http-nio-8090-exec-10] {18} INFO  b.c.p.c.FuncionarioController - @@ ABRINDO FUNCIONARIO
04-11-2018 23:24:14 [http-nio-8090-exec-1] {18} INFO  b.c.p.c.FuncionarioController - @@ ABRINDO FUNCIONARIO
04-11-2018 23:24:33 [restartedMain] {50} INFO  b.c.p.NocaCorporationApplication - Starting NocaCorporationApplication on DESKTOP-H1527R1 with PID 14780 (C:\RODRIGO\PROGRAMACAO\WORKSPACES\WORKSPACE_STS\NocaCorporation\NocaCorporation\target\classes started by pimen in C:\RODRIGO\PROGRAMACAO\WORKSPACES\WORKSPACE_STS\NocaCorporation\NocaCorporation)
04-11-2018 23:24:33 [restartedMain] {680} INFO  b.c.p.NocaCorporationApplication - No active profile set, falling back to default profiles: default
04-11-2018 23:24:37 [restartedMain] {59} INFO  b.c.p.NocaCorporationApplication - Started NocaCorporationApplication in 3.63 seconds (JVM running for 1808.018)
04-11-2018 23:24:37 [http-nio-8090-exec-10] {18} INFO  b.c.p.c.DashboardController - @@ ABRINDO DASHBOARD
04-11-2018 23:24:43 [http-nio-8090-exec-9] {18} INFO  b.c.p.c.FuncionarioController - @@ ABRINDO FUNCIONARIO
04-11-2018 23:24:45 [http-nio-8090-exec-7] {18} INFO  b.c.p.c.FuncionarioController - @@ ABRINDO FUNCIONARIO
04-11-2018 23:24:49 [restartedMain] {50} INFO  b.c.p.NocaCorporationApplication - Starting NocaCorporationApplication on DESKTOP-H1527R1 with PID 14780 (C:\RODRIGO\PROGRAMACAO\WORKSPACES\WORKSPACE_STS\NocaCorporation\NocaCorporation\target\classes started by pimen in C:\RODRIGO\PROGRAMACAO\WORKSPACES\WORKSPACE_STS\NocaCorporation\NocaCorporation)
04-11-2018 23:24:49 [restartedMain] {680} INFO  b.c.p.NocaCorporationApplication - No active profile set, falling back to default profiles: default
04-11-2018 23:24:53 [restartedMain] {59} INFO  b.c.p.NocaCorporationApplication - Started NocaCorporationApplication in 3.707 seconds (JVM running for 1824.41)
04-11-2018 23:24:53 [http-nio-8090-exec-1] {18} INFO  b.c.p.c.DashboardController - @@ ABRINDO DASHBOARD
04-11-2018 23:24:57 [http-nio-8090-exec-2] {18} INFO  b.c.p.c.FuncionarioController - @@ ABRINDO FUNCIONARIO
04-11-2018 23:37:07 [restartedMain] {50} INFO  b.c.p.NocaCorporationApplication - Starting NocaCorporationApplication on DESKTOP-H1527R1 with PID 14780 (C:\RODRIGO\PROGRAMACAO\WORKSPACES\WORKSPACE_STS\NocaCorporation\NocaCorporation\target\classes started by pimen in C:\RODRIGO\PROGRAMACAO\WORKSPACES\WORKSPACE_STS\NocaCorporation\NocaCorporation)
04-11-2018 23:37:07 [restartedMain] {680} INFO  b.c.p.NocaCorporationApplication - No active profile set, falling back to default profiles: default
04-11-2018 23:37:10 [restartedMain] {59} INFO  b.c.p.NocaCorporationApplication - Started NocaCorporationApplication in 3.647 seconds (JVM running for 2561.594)
04-11-2018 23:37:10 [http-nio-8090-exec-1] {18} INFO  b.c.p.c.DashboardController - @@ ABRINDO DASHBOARD
04-11-2018 23:39:20 [http-nio-8090-exec-1] {18} INFO  b.c.p.c.DashboardController - @@ ABRINDO DASHBOARD
04-11-2018 23:39:27 [http-nio-8090-exec-10] {18} INFO  b.c.p.c.DashboardController - @@ ABRINDO DASHBOARD
04-11-2018 23:39:29 [http-nio-8090-exec-7] {20} INFO  b.c.p.c.FuncionarioController - @@ ABRINDO FUNCIONARIO
04-11-2018 23:39:49 [http-nio-8090-exec-6] {18} INFO  b.c.p.c.DashboardController - @@ ABRINDO DASHBOARD
04-11-2018 23:39:50 [http-nio-8090-exec-1] {20} INFO  b.c.p.c.FuncionarioController - @@ ABRINDO FUNCIONARIO
04-11-2018 23:40:02 [http-nio-8090-exec-9] {18} INFO  b.c.p.c.DashboardController - @@ ABRINDO DASHBOARD
04-11-2018 23:40:14 [http-nio-8090-exec-2] {18} INFO  b.c.p.c.DashboardController - @@ ABRINDO DASHBOARD
04-11-2018 23:40:15 [http-nio-8090-exec-5] {20} INFO  b.c.p.c.FuncionarioController - @@ ABRINDO FUNCIONARIO
04-11-2018 23:40:16 [http-nio-8090-exec-3] {20} INFO  b.c.p.c.FuncionarioController - @@ ABRINDO FUNCIONARIO
04-11-2018 23:41:43 [http-nio-8090-exec-6] {18} INFO  b.c.p.c.DashboardController - @@ ABRINDO DASHBOARD
04-11-2018 23:41:45 [http-nio-8090-exec-1] {20} INFO  b.c.p.c.FuncionarioController - @@ ABRINDO FUNCIONARIO
04-11-2018 23:42:36 [restartedMain] {50} INFO  b.c.p.NocaCorporationApplication - Starting NocaCorporationApplication on DESKTOP-H1527R1 with PID 14780 (C:\RODRIGO\PROGRAMACAO\WORKSPACES\WORKSPACE_STS\NocaCorporation\NocaCorporation\target\classes started by pimen in C:\RODRIGO\PROGRAMACAO\WORKSPACES\WORKSPACE_STS\NocaCorporation\NocaCorporation)
04-11-2018 23:42:36 [restartedMain] {680} INFO  b.c.p.NocaCorporationApplication - No active profile set, falling back to default profiles: default
04-11-2018 23:42:39 [restartedMain] {59} INFO  b.c.p.NocaCorporationApplication - Started NocaCorporationApplication in 3.291 seconds (JVM running for 2890.836)
04-11-2018 23:42:40 [http-nio-8090-exec-6] {18} INFO  b.c.p.c.DashboardController - @@ ABRINDO DASHBOARD
04-11-2018 23:42:42 [http-nio-8090-exec-3] {20} INFO  b.c.p.c.FuncionarioController - @@ ABRINDO FUNCIONARIO
04-11-2018 23:42:55 [restartedMain] {50} INFO  b.c.p.NocaCorporationApplication - Starting NocaCorporationApplication on DESKTOP-H1527R1 with PID 14780 (C:\RODRIGO\PROGRAMACAO\WORKSPACES\WORKSPACE_STS\NocaCorporation\NocaCorporation\target\classes started by pimen in C:\RODRIGO\PROGRAMACAO\WORKSPACES\WORKSPACE_STS\NocaCorporation\NocaCorporation)
04-11-2018 23:42:55 [restartedMain] {680} INFO  b.c.p.NocaCorporationApplication - No active profile set, falling back to default profiles: default
04-11-2018 23:42:58 [restartedMain] {59} INFO  b.c.p.NocaCorporationApplication - Started NocaCorporationApplication in 3.234 seconds (JVM running for 2909.511)
04-11-2018 23:42:58 [http-nio-8090-exec-1] {18} INFO  b.c.p.c.DashboardController - @@ ABRINDO DASHBOARD
04-11-2018 23:43:00 [http-nio-8090-exec-9] {20} INFO  b.c.p.c.FuncionarioController - @@ ABRINDO FUNCIONARIO
04-11-2018 23:46:13 [http-nio-8090-exec-5] {18} INFO  b.c.p.c.DashboardController - @@ ABRINDO DASHBOARD
04-11-2018 23:46:16 [http-nio-8090-exec-3] {20} INFO  b.c.p.c.FuncionarioController - @@ ABRINDO FUNCIONARIO
04-11-2018 23:46:30 [http-nio-8090-exec-9] {18} INFO  b.c.p.c.DashboardController - @@ ABRINDO DASHBOARD
04-11-2018 23:46:43 [http-nio-8090-exec-2] {18} INFO  b.c.p.c.DashboardController - @@ ABRINDO DASHBOARD
04-11-2018 23:53:14 [restartedMain] {50} INFO  b.c.p.NocaCorporationApplication - Starting NocaCorporationApplication on DESKTOP-H1527R1 with PID 14780 (C:\RODRIGO\PROGRAMACAO\WORKSPACES\WORKSPACE_STS\NocaCorporation\NocaCorporation\target\classes started by pimen in C:\RODRIGO\PROGRAMACAO\WORKSPACES\WORKSPACE_STS\NocaCorporation\NocaCorporation)
04-11-2018 23:53:14 [restartedMain] {680} INFO  b.c.p.NocaCorporationApplication - No active profile set, falling back to default profiles: default
04-11-2018 23:53:17 [restartedMain] {59} INFO  b.c.p.NocaCorporationApplication - Started NocaCorporationApplication in 3.482 seconds (JVM running for 3528.504)
04-11-2018 23:53:17 [http-nio-8090-exec-7] {18} INFO  b.c.p.c.DashboardController - @@ ABRINDO DASHBOARD
04-11-2018 23:53:52 [http-nio-8090-exec-8] {18} INFO  b.c.p.c.DashboardController - @@ ABRINDO DASHBOARD
04-11-2018 23:53:58 [http-nio-8090-exec-9] {21} INFO  b.c.p.c.FuncionarioController - @@ ABRINDO FUNCIONARIO
04-11-2018 23:56:22 [http-nio-8090-exec-1] {18} INFO  b.c.p.c.DashboardController - @@ ABRINDO DASHBOARD
04-11-2018 23:56:30 [http-nio-8090-exec-3] {21} INFO  b.c.p.c.FuncionarioController - @@ ABRINDO FUNCIONARIO
04-11-2018 23:57:08 [restartedMain] {50} INFO  b.c.p.NocaCorporationApplication - Starting NocaCorporationApplication on DESKTOP-H1527R1 with PID 14780 (C:\RODRIGO\PROGRAMACAO\WORKSPACES\WORKSPACE_STS\NocaCorporation\NocaCorporation\target\classes started by pimen in C:\RODRIGO\PROGRAMACAO\WORKSPACES\WORKSPACE_STS\NocaCorporation\NocaCorporation)
04-11-2018 23:57:08 [restartedMain] {680} INFO  b.c.p.NocaCorporationApplication - No active profile set, falling back to default profiles: default
04-11-2018 23:57:11 [restartedMain] {59} INFO  b.c.p.NocaCorporationApplication - Started NocaCorporationApplication in 3.386 seconds (JVM running for 3762.621)
04-11-2018 23:57:11 [http-nio-8090-exec-1] {18} INFO  b.c.p.c.DashboardController - @@ ABRINDO DASHBOARD
04-11-2018 23:57:29 [http-nio-8090-exec-3] {22} INFO  b.c.p.c.FuncionarioController - @@ ABRINDO FUNCIONARIO
04-11-2018 23:58:51 [restartedMain] {50} INFO  b.c.p.NocaCorporationApplication - Starting NocaCorporationApplication on DESKTOP-H1527R1 with PID 14780 (C:\RODRIGO\PROGRAMACAO\WORKSPACES\WORKSPACE_STS\NocaCorporation\NocaCorporation\target\classes started by pimen in C:\RODRIGO\PROGRAMACAO\WORKSPACES\WORKSPACE_STS\NocaCorporation\NocaCorporation)
04-11-2018 23:58:51 [restartedMain] {680} INFO  b.c.p.NocaCorporationApplication - No active profile set, falling back to default profiles: default
04-11-2018 23:58:55 [restartedMain] {59} INFO  b.c.p.NocaCorporationApplication - Started NocaCorporationApplication in 3.331 seconds (JVM running for 3866.108)
04-11-2018 23:58:55 [http-nio-8090-exec-1] {18} INFO  b.c.p.c.DashboardController - @@ ABRINDO DASHBOARD
04-11-2018 23:59:25 [http-nio-8090-exec-3] {18} INFO  b.c.p.c.DashboardController - @@ ABRINDO DASHBOARD
04-11-2018 23:59:26 [http-nio-8090-exec-9] {23} INFO  b.c.p.c.FuncionarioController - @@ ABRINDO FUNCIONARIO
